initializing conformer environment
reset called
initializing conformer environment
reset called
initializing conformer environment
reset called
reset called
reset called
running PPO, tag is TEST
reset called
[0 2 1 4 4 0 5 0 4 2]
step 1 reward 1.4112379423857203e-05
[0 1 4 4 1 1 5 3 1 2]
step 2 reward 0.0005906150317445102
[4 1 1 0 1 2 1 4 1 4]
step 3 reward 0.002667608864444249
[2 3 3 1 3 0 2 1 5 5]
step 4 reward 2.113096336928793e-05
[3 1 1 3 2 1 1 1 1 0]
step 5 reward 5.065873271646463e-05
[1 5 3 1 2 4 2 5 1 5]
step 6 reward 0.006316810532627428
[4 4 1 3 3 5 2 1 4 2]
step 7 reward 5.836312559079629e-06
[3 2 2 0 1 4 1 5 2 5]
step 8 reward 6.9140108404267425e-06
[5 4 4 4 4 4 3 0 1 2]
step 9 reward 3.766033795841716e-05
[0 3 0 3 5 5 1 5 3 5]
step 10 reward 6.54123025760077e-05
[4 4 2 3 0 5 5 3 2 4]
step 11 reward 0.0005543563367191125
[1 0 1 3 3 5 4 3 3 4]
step 12 reward 9.019585573360578e-06
[4 5 3 0 4 1 0 1 0 1]
step 13 reward 0.0009533839101933219
[4 2 5 4 2 4 1 4 2 0]
step 14 reward 2.010769608478964e-05
[0 1 5 5 1 3 0 2 0 0]
step 15 reward 0.00020235523673608094
[3 1 3 2 3 0 4 3 4 3]
step 16 reward 6.204577561555158e-06
[5 2 5 2 1 4 3 5 2 2]
step 17 reward 5.459572688564694e-05
[1 1 2 4 5 1 3 5 1 1]
step 18 reward 2.2877045917325417e-05
[2 4 5 5 4 0 4 4 2 0]
step 19 reward 1.7082557619186445e-05
[3 5 4 1 4 0 1 1 4 4]
step 20 reward 4.2731776001075716e-05
reset called
reset called
[1 2 5 5 5 4 0 5 3 1]
step 1 reward 1.7897880940141733e-07
[1 1 3 0 1 2 2 4 3 4]
step 2 reward 3.165595332583958e-05
[4 3 3 5 2 5 0 3 3 2]
step 3 reward 8.583866129649511e-09
[0 4 5 2 1 4 4 5 2 0]
step 4 reward 2.2190836365860663e-06
[1 1 4 3 5 0 5 4 1 1]
step 5 reward 9.656441786178495e-05
[2 3 3 1 1 2 0 3 1 0]
step 6 reward 5.458306770671281e-05
[2 0 4 3 4 4 2 4 3 1]
step 7 reward 4.083968233325263e-06
[3 0 4 4 3 2 5 0 2 5]
step 8 reward 0.0006593924044021516
[2 1 5 1 2 4 1 4 2 4]
step 9 reward 0.00013356111678919299
[2 3 3 4 1 5 2 1 2 5]
step 10 reward 0.0011699152066532317
[1 4 5 3 2 2 4 0 4 3]
step 11 reward 4.866610523239885e-06
[1 0 4 1 0 2 2 1 3 3]
step 12 reward 0.0019148995968157863
[0 0 1 3 1 3 0 0 1 4]
step 13 reward 0.01572413159607336
[1 4 3 1 0 2 2 2 4 2]
step 14 reward 2.1800222435744638e-07
[0 4 0 0 1 2 2 5 1 3]
step 15 reward 4.87146901987916e-06
[2 3 1 5 3 4 2 4 5 4]
step 16 reward 2.6383905316963192e-08
[5 4 2 4 0 5 3 3 1 2]
step 17 reward 0.00012525246050312778
[3 0 0 1 0 2 0 3 3 0]
step 18 reward 5.452035649300239e-05
[5 2 5 4 4 4 5 5 2 3]
step 19 reward 1.2404725536336348e-05
[5 1 3 0 0 0 0 4 1 2]
step 20 reward 0.00016177740441583813
reset called
reset called
[1 1 0 1 3 1 5 1 3 4]
step 1 reward 5.5336237572447795e-08
[5 2 2 1 2 5 4 2 5 5]
step 2 reward 3.4583931670369117e-06
[2 0 4 2 2 1 1 0 2 2]
step 3 reward 3.1504664535016155e-05
[4 1 2 1 2 4 0 4 2 3]
step 4 reward 5.136313721345436e-06
[5 5 5 4 0 1 4 3 2 3]
step 5 reward 5.903751058710867e-06
[2 4 0 2 4 3 0 3 4 2]
step 6 reward 2.3350509135307458e-07
[3 0 0 4 3 2 3 1 1 2]
step 7 reward 1.8095867357289004e-05
[1 2 5 2 5 0 3 3 3 4]
step 8 reward 0.0012586825845473978
[4 0 1 2 3 5 4 1 0 3]
step 9 reward 0.0036821696724543837
[0 4 0 1 5 5 5 1 4 2]
step 10 reward 2.3256433232955775e-05
[1 0 5 3 4 0 3 3 1 1]
step 11 reward 0.00013484285527124175
[3 3 4 2 2 0 4 4 3 2]
step 12 reward 4.81880670244061e-09
[4 3 4 1 0 5 0 0 0 1]
step 13 reward 9.311552829545076e-06
[3 4 2 5 2 4 5 4 5 5]
step 14 reward 4.0332083516172804e-05
[2 3 4 0 0 5 5 0 3 4]
step 15 reward 8.093281198774229e-05
[1 3 2 5 1 5 2 5 3 0]
step 16 reward 5.384726952794153e-06
[2 3 1 1 5 3 2 3 1 5]
step 17 reward 6.219813591181559e-05
[1 0 5 5 1 1 5 5 3 1]
step 18 reward 5.54890395751494e-06
[1 4 0 0 4 4 2 5 1 5]
step 19 reward 3.098900372574527e-09
[4 5 3 1 1 0 3 5 2 4]
step 20 reward 0.0003718277803809803
reset called
[1 0 4 3 2 2 0 5 4 0]
step 1 reward 8.881891357941684e-07
[2 0 2 0 4 4 4 1 0 1]
step 1 reward 8.32730130411953e-05
[5 1 3 2 3 1 0 1 2 1]
step 2 reward 0.011209481191161745
[4 3 4 2 3 3 2 2 2 2]
step 2 reward 8.889180703439427e-05
[2 1 1 5 4 5 2 4 0 0]
step 3 reward 8.160370977253706e-06
[4 5 2 1 2 5 3 0 1 4]
step 3 reward 0.00010391815721536844
[0 1 0 2 3 4 5 2 5 3]
step 4 reward 0.0005076034778282197
reset called
[3 5 5 2 0 2 5 1 5 5]
step 4 reward 3.204632567320993e-06
reset called
logging episodic return train... 8
logging episodic return train... 8
reset called
[1 5 2 0 2 5 1 4 1 3]
step 1 reward 9.548481030188425e-05
[1 3 1 0 5 3 5 3 0 4]
step 2 reward 9.809414719481108e-05
[1 3 0 4 5 5 4 2 0 5]
step 3 reward 3.858852111865104e-05
[0 1 1 5 5 4 2 4 1 2]
step 4 reward 0.00012061586398691666
[4 1 1 1 2 5 2 5 3 0]
step 5 reward 1.9249446894263886e-07
[2 4 2 4 4 3 5 1 4 0]
step 6 reward 2.3161979305314411e-07
[1 0 1 3 1 2 2 3 5 2]
step 7 reward 9.349875132518056e-07
[4 2 2 2 2 0 3 4 2 5]
step 8 reward 0.0008100602786938597
[5 5 3 4 5 3 3 3 3 4]
step 9 reward 2.6660329077338132e-05
[0 3 4 1 3 0 0 4 2 4]
step 10 reward 1.1382625570619859e-05
[5 1 5 2 2 0 5 4 5 5]
step 11 reward 1.357938677203254e-06
[3 1 5 3 1 4 3 0 5 0]
step 12 reward 8.469208105802803e-05
[3 1 2 2 4 1 3 2 1 5]
step 13 reward 4.3589018677633413e-05
[3 2 4 5 2 3 1 3 3 5]
step 14 reward 1.1637818006958387e-05
[4 2 1 3 1 1 2 4 3 5]
step 15 reward 3.811709114084164e-06
[5 5 0 1 0 4 4 3 1 0]
step 16 reward 0.0009115108421507934
[0 5 4 0 2 0 2 2 0 0]
step 17 reward 9.694805719066718e-05
[1 4 1 5 1 2 2 1 2 2]
step 18 reward 7.406880157352022e-05
[4 0 5 0 0 3 2 1 3 4]
step 19 reward 0.0016288905265600185
[0 5 1 1 0 0 5 2 4 1]
step 20 reward 1.5246277706666735e-06
reset called
reset called
[1 0 4 5 2 0 1 0 4 0]
step 1 reward 4.543645203434655e-05
[1 5 3 5 5 2 4 5 4 3]
step 2 reward 0.003460907784670657
[4 2 1 2 2 4 1 2 3 3]
step 3 reward 2.4277197594458345e-05
[0 3 3 4 3 5 2 5 3 4]
step 4 reward 8.362637976089321e-06
[4 1 5 2 1 0 1 5 1 3]
step 5 reward 4.937380514797289e-07
[3 3 5 4 4 3 4 0 1 4]
step 6 reward 6.251236646487643e-05
[2 1 1 2 3 1 4 2 1 5]
step 7 reward 1.5268693633860138e-06
[0 3 0 0 2 4 3 3 5 2]
step 8 reward 1.4486505184393522e-06
[0 1 5 2 0 1 3 0 2 4]
step 9 reward 0.0001244410761762664
[4 4 1 0 2 1 3 1 5 4]
step 10 reward 0.00051960384823086
[2 0 4 2 4 3 3 5 0 2]
step 11 reward 0.0018791688253358902
[0 2 5 2 2 4 2 1 1 3]
step 12 reward 2.982441705488263e-08
[4 4 4 2 3 4 5 1 4 1]
step 13 reward 0.0005095375728887592
[2 4 1 4 4 4 0 3 2 0]
step 14 reward 1.4497653192544412e-07
[0 1 0 3 0 2 4 5 1 0]
step 15 reward 2.3558105026600562e-05
[5 2 5 4 0 3 2 4 0 1]
step 16 reward 9.002975698670122e-05
[0 0 2 3 2 1 5 1 5 5]
step 17 reward 0.01187500140211207
[4 2 0 5 1 4 3 2 1 5]
step 18 reward 8.35023743765241e-06
[0 0 4 1 1 5 2 1 4 5]
step 19 reward 8.65243634368281e-05
[3 0 4 3 4 5 3 2 3 1]
step 20 reward 2.5591833728316595e-05
reset called
reset called
[0 5 3 1 3 1 4 1 2 1]
step 1 reward 3.6519776500089184e-05
[4 5 4 1 4 5 5 2 3 1]
step 2 reward 0.0003882958908313293
[2 3 4 4 4 3 2 5 4 3]
step 3 reward 7.243610888135549e-10
[1 3 4 0 5 0 1 1 2 4]
step 4 reward 0.015653534685204622
[1 4 4 5 0 2 5 1 1 3]
step 5 reward 0.0017150668305702709
[5 5 4 2 4 0 1 5 1 1]
step 6 reward 4.2676592688539285e-06
[4 0 2 3 1 5 5 5 3 4]
step 7 reward 4.057434743039082e-05
[1 5 1 4 5 1 5 0 2 2]
step 8 reward 1.9009039413690943e-05
[3 3 3 2 1 4 3 5 5 1]
step 9 reward 9.994534247961807e-08
[2 5 2 1 4 3 4 0 4 2]
step 10 reward 5.849259752934986e-05
[3 5 2 1 0 2 4 1 4 2]
step 11 reward 0.0009322240980462436
[2 2 1 2 0 1 5 1 5 5]
step 12 reward 2.402525982687363e-05
[2 0 1 2 4 2 1 3 5 0]
step 13 reward 8.388504281810234e-06
[4 2 4 5 5 0 0 0 4 3]
step 14 reward 5.975155295851152e-05
[1 5 1 4 1 1 2 5 0 5]
step 15 reward 0.00011006842130585719
[4 4 0 4 1 5 0 1 0 4]
step 16 reward 0.0012585452278530058
[1 3 4 2 2 0 5 2 1 5]
step 17 reward 3.077160377503119e-06
[2 2 5 0 2 1 5 2 5 2]
step 18 reward 2.866556250525744e-05
[5 5 2 2 5 5 4 4 0 3]
step 19 reward 0.0017283999792048449
[4 1 3 0 2 4 3 3 2 3]
step 20 reward 2.7858054472512554e-06
reset called
[5 3 0 1 2 1 3 3 0 5]
step 1 reward 7.375985153526302e-05
[2 2 4 3 5 4 5 0 1 1]
step 1 reward 7.451976497887686e-05
[4 5 0 5 3 5 1 1 3 4]
step 2 reward 0.00041405799100303247
[0 0 0 2 3 2 2 5 1 4]
step 2 reward 2.3495937931052597e-06
[5 2 1 1 1 1 3 3 0 1]
step 3 reward 1.2160696850612321e-06
[5 4 5 4 3 4 4 5 0 1]
step 3 reward 0.0005505388259243694
[4 5 4 5 3 1 5 2 1 0]
step 4 reward 0.00013433134530922575
reset called
[4 4 1 3 1 4 1 1 2 3]
step 4 reward 2.2750495483937947e-07
reset called
logging episodic return train... 16
logging episodic return train... 16
reset called
[1 3 4 3 5 4 2 5 5 0]
step 1 reward 3.033862182491875e-07
[4 0 5 0 4 2 4 3 0 5]
step 2 reward 0.0001224303939103146
[4 2 2 2 3 5 5 5 0 2]
step 3 reward 0.0001387963603758677
[3 5 3 3 4 1 1 5 5 0]
step 4 reward 7.365447143453977e-05
[1 1 4 1 3 5 2 1 0 4]
step 5 reward 1.5558115937824723e-06
[5 1 3 3 5 3 4 4 4 5]
step 6 reward 2.398980348947987e-06
[1 4 0 5 2 1 0 0 1 2]
step 7 reward 0.000561233429746613
[3 3 2 4 4 1 4 5 0 3]
step 8 reward 3.236836052136275e-05
[1 3 4 1 0 0 4 0 1 1]
step 9 reward 0.002736635612732519
[5 2 2 3 5 1 0 2 4 4]
step 10 reward 0.00043544912700837525
[1 2 4 4 1 3 4 5 3 0]
step 11 reward 0.00033282251386149907
[0 5 1 0 4 5 5 1 1 2]
step 12 reward 0.003475544754949836
[5 0 2 5 3 4 3 3 3 5]
step 13 reward 4.091318717059699e-05
[2 5 0 4 1 5 0 2 1 4]
step 14 reward 3.0209811950947732e-05
[0 3 4 2 1 5 4 2 5 0]
step 15 reward 1.4640913232865435e-06
[2 5 1 5 3 0 5 3 5 1]
step 16 reward 0.0005761219372192758
[5 5 0 0 2 1 1 1 1 0]
step 17 reward 0.02199391344702692
[4 3 4 4 5 4 3 4 1 5]
step 18 reward 3.928657067061683e-06
[0 2 2 4 4 0 4 5 0 5]
step 19 reward 0.00035505038650263056
[5 0 3 5 2 2 5 5 0 2]
step 20 reward 0.0011234753221472157
reset called
reset called
[0 4 2 2 2 1 4 3 4 5]
step 1 reward 2.1554426377070092e-05
[0 3 4 1 4 1 4 1 4 3]
step 2 reward 0.00036563498773097176
[5 0 0 0 1 0 4 2 1 2]
step 3 reward 4.298775245443909e-05
[2 3 1 3 2 2 4 4 1 4]
step 4 reward 3.686896271033516e-06
[3 5 3 0 4 0 5 0 0 0]
step 5 reward 0.008321803202452583
[4 2 1 1 1 3 4 4 3 1]
step 6 reward 1.297689084905441e-05
[1 1 4 4 3 2 5 3 4 4]
step 7 reward 2.0859185372202e-05
[1 4 3 2 5 0 5 3 1 4]
step 8 reward 0.0004099093479261147
[4 0 5 1 4 2 3 5 5 2]
step 9 reward 0.001010462459283867
[1 3 3 2 0 1 3 2 0 1]
step 10 reward 3.2404130714704154e-06
[3 4 4 5 1 2 0 4 1 5]
step 11 reward 0.00017505721533476638
[3 3 2 0 3 2 0 5 5 4]
step 12 reward 1.6339694285206712e-05
[3 5 3 1 1 3 4 1 5 2]
step 13 reward 0.01852392641096041
[4 4 3 0 3 4 1 1 5 0]
step 14 reward 3.154512200591212e-05
[3 4 2 4 4 3 1 2 1 4]
step 15 reward 2.5305492939030828e-11
[5 3 2 2 1 1 2 3 2 3]
step 16 reward 8.618870775315993e-05
[3 0 1 3 3 4 2 5 0 0]
step 17 reward 0.0007757419604015654
[5 5 1 2 2 3 3 5 1 0]
step 18 reward 6.190812363819687e-05
[0 1 1 5 5 4 5 0 5 3]
step 19 reward 0.0006706604811094044
[1 5 0 2 2 1 1 5 1 3]
step 20 reward 0.0003602420985518987
reset called
reset called
[1 5 2 4 1 0 5 2 2 2]
step 1 reward 4.919514288808455e-06
[1 4 5 1 4 3 4 2 1 3]
step 2 reward 7.106327186137023e-05
[1 3 5 0 0 2 5 0 5 4]
step 3 reward 0.001232214359349942
[2 4 5 0 1 3 4 0 0 1]
step 4 reward 0.0027152228951438356
[5 5 4 4 4 3 4 1 4 1]
step 5 reward 4.8823183321708654e-05
[4 0 2 3 2 1 4 2 4 3]
step 6 reward 1.409454859456215e-05
[5 0 1 4 3 5 1 2 1 3]
step 7 reward 0.0017419729818242676
[0 0 0 1 2 0 3 0 5 3]
step 8 reward 1.992358030329953e-06
[4 3 4 1 5 3 3 4 2 2]
step 9 reward 1.472623252711331e-06
[2 0 3 5 3 3 3 1 5 3]
step 10 reward 4.010444498646919e-05
[4 0 4 3 0 2 3 2 4 4]
step 11 reward 0.0014600854978477616
[1 1 4 3 2 4 3 4 3 1]
step 12 reward 4.7849923151101733e-05
[3 0 0 3 1 5 2 0 2 0]
step 13 reward 0.0005332505630773353
[4 5 4 0 1 1 5 5 1 3]
step 14 reward 0.0025847976040252294
[1 2 0 1 5 2 5 4 4 2]
step 15 reward 4.261702133784488e-05
[0 1 0 5 0 4 5 4 0 4]
step 16 reward 4.024261698443592e-06
[1 0 1 5 4 3 2 4 1 3]
step 17 reward 1.89234751653555e-05
[4 0 2 2 5 4 4 3 1 5]
step 18 reward 3.9448178226779424e-05
[2 1 2 1 5 5 4 3 2 2]
step 19 reward 0.0008481982726539953
[0 1 2 0 0 4 3 5 0 1]
step 20 reward 0.04510137798283547
reset called
[4 3 4 0 1 1 4 2 1 2]
step 1 reward 0.0001582195297522637
[2 3 4 4 0 4 3 2 1 5]
step 1 reward 1.4471413759984793e-05
[1 1 5 1 1 0 2 1 4 4]
step 2 reward 1.01285079936173e-07
[2 5 5 1 1 3 3 3 4 3]
step 2 reward 3.6305311621489672e-06
[4 2 2 1 2 3 4 0 0 1]
step 3 reward 0.00011035958966251296
[2 1 3 2 1 4 4 4 3 0]
step 3 reward 0.00873653914552501
[0 2 2 0 5 2 5 4 2 2]
step 4 reward 7.2523707512215666e-06
reset called
[5 0 4 5 2 0 0 1 2 4]
step 4 reward 0.001652491372462483
reset called
logging episodic return train... 24
logging episodic return train... 24
